<?xml version="1.0" encoding="UTF-8"?>
<!-- Generated by org.testng.reporters.JUnitReportReporter -->
<testsuite hostname="DESKTOP-8PNJ7K5" failures="0" tests="1" name="testCases.Registractionprocesstest" time="1.400" errors="0" timestamp="2025-02-15T23:40:23 IST" skipped="0">
  <testcase classname="testCases.Registractionprocesstest" name="userRegistrationprocesstest" time="1.400"/>
  <system-out/>
</testsuite> <!-- testCases.Registractionprocesstest -->
