<?xml version="1.0" encoding="UTF-8"?>
<!-- Generated by org.testng.reporters.JUnitReportReporter -->
<testsuite hostname="DESKTOP-8PNJ7K5" failures="0" tests="4" name="TestNG.OrangeHRMTest" time="12.123" errors="0" timestamp="2025-01-11T16:38:59 IST" skipped="0">
  <testcase classname="TestNG.OrangeHRMTest" name="openapp" time="6.094"/>
  <system-out/>
  <testcase classname="TestNG.OrangeHRMTest" name="testlogo" time="4.081"/>
  <system-out/>
  <testcase classname="TestNG.OrangeHRMTest" name="login" time="1.447"/>
  <system-out/>
  <testcase classname="TestNG.OrangeHRMTest" name="testlogut" time="0.501"/>
  <system-out/>
</testsuite> <!-- TestNG.OrangeHRMTest -->
