<?xml version="1.0" encoding="UTF-8"?>
<!-- Generated by org.testng.reporters.JUnitReportReporter -->
<testsuite hostname="DESKTOP-8PNJ7K5" failures="0" tests="1" name="MainTest.Homepagetest" time="5.842" errors="0" timestamp="2025-02-10T04:29:17 IST" skipped="0">
  <testcase classname="MainTest.Homepagetest" name="verifyhomepage" time="5.842"/>
  <system-out/>
</testsuite> <!-- MainTest.Homepagetest -->
