<?xml version="1.0" encoding="UTF-8"?>
<!-- Generated by org.testng.reporters.JUnitReportReporter -->
<testsuite hostname="DESKTOP-8PNJ7K5" failures="0" tests="1" name="MainTest.TransferFund" time="14.341" errors="0" timestamp="2025-02-15T21:36:27 IST" skipped="0">
  <testcase classname="MainTest.TransferFund" name="transferfund" time="14.341"/>
  <system-out/>
</testsuite> <!-- MainTest.TransferFund -->
