<?xml version="1.0" encoding="UTF-8"?>
<!-- Generated by org.testng.reporters.JUnitReportReporter -->
<testsuite hostname="DESKTOP-8PNJ7K5" failures="0" tests="1" name="testCases.Homepagetest" time="4.676" errors="0" timestamp="2025-02-15T23:40:23 IST" skipped="0">
  <testcase classname="testCases.Homepagetest" name="verifyhomepage" time="4.676"/>
  <system-out/>
</testsuite> <!-- testCases.Homepagetest -->
