<?xml version="1.0" encoding="UTF-8"?>
<!-- Generated by org.testng.reporters.JUnitReportReporter -->
<testsuite hostname="DESKTOP-8PNJ7K5" failures="0" tests="1" name="MainTest.Logintest" time="2.474" errors="0" timestamp="2025-02-14T21:31:24 IST" skipped="0">
  <testcase classname="MainTest.Logintest" name="logintest" time="2.474"/>
  <system-out/>
</testsuite> <!-- MainTest.Logintest -->
