<?xml version="1.0" encoding="UTF-8"?>
<!-- Generated by org.testng.reporters.JUnitReportReporter -->
<testsuite hostname="DESKTOP-8PNJ7K5" failures="0" tests="1" name="testCases.TransferFund" time="6.354" errors="0" timestamp="2025-02-16T02:23:07 IST" skipped="0">
  <testcase classname="testCases.TransferFund" name="transferfund" time="6.354"/>
  <system-out/>
</testsuite> <!-- testCases.TransferFund -->
