<?xml version="1.0" encoding="UTF-8"?>
<!-- Generated by org.testng.reporters.JUnitReportReporter -->
<testsuite hostname="DESKTOP-8PNJ7K5" failures="0" tests="1" name="testBase.Baseclass" time="40.115" errors="0" timestamp="2025-02-15T23:15:13 IST" skipped="0">
  <testcase classname="testBase.Baseclass" name="setup" time="40.115"/>
  <system-out/>
</testsuite> <!-- testBase.Baseclass -->
