<?xml version="1.0" encoding="UTF-8"?>
<!-- Generated by org.testng.reporters.JUnitReportReporter -->
<testsuite hostname="DESKTOP-8PNJ7K5" failures="0" tests="1" name="MainTest.Registractionprocesstest" time="2.607" errors="0" timestamp="2025-02-15T21:32:40 IST" skipped="0">
  <testcase classname="MainTest.Registractionprocesstest" name="userRegistrationprocesstest" time="2.607"/>
  <system-out/>
</testsuite> <!-- MainTest.Registractionprocesstest -->
