<?xml version="1.0" encoding="UTF-8"?>
<!-- Generated by org.testng.reporters.JUnitReportReporter -->
<testsuite hostname="DESKTOP-8PNJ7K5" failures="0" tests="1" name="MainTest.TestMethod" time="2.899" errors="0" timestamp="2025-02-09T11:23:15 IST" skipped="0">
  <testcase classname="MainTest.TestMethod" name="logintest" time="2.899"/>
  <system-out/>
</testsuite> <!-- MainTest.TestMethod -->
