<?xml version="1.0" encoding="UTF-8"?>
<!-- Generated by org.testng.reporters.JUnitReportReporter -->
<testsuite hostname="DESKTOP-8PNJ7K5" failures="0" tests="3" name="TestNG.FirsttestCase" time="0.028" errors="0" timestamp="2025-01-11T18:48:57 IST" skipped="0">
  <testcase classname="TestNG.FirsttestCase" name="openapp" time="0.023"/>
  <system-out/>
  <testcase classname="TestNG.FirsttestCase" name="login" time="0.002"/>
  <system-out/>
  <testcase classname="TestNG.FirsttestCase" name="logout" time="0.003"/>
  <system-out/>
</testsuite> <!-- TestNG.FirsttestCase -->
